<?xml version="1.0" encoding="UTF-8"?>
<!-- Generated by org.testng.reporters.JUnitReportReporter -->
<testsuite skipped="0" hostname="Vithun-PC" name="LoginPageTest" tests="2" failures="0" timestamp="24 Jul 2019 17:08:22 GMT" time="3.761" errors="0">
  <testcase name="CreateIndividual_Test" time="2.283" classname="LoginPageTest"/>
  <testcase name="CreateIndividual_Test" time="1.478" classname="LoginPageTest"/>
</testsuite> <!-- LoginPageTest -->
