<?xml version="1.0" encoding="UTF-8"?>
<!-- Generated by org.testng.reporters.JUnitReportReporter -->
<testsuite skipped="0" hostname="Vithun-PC" name="LoginPageTest" tests="1" failures="0" timestamp="24 Jul 2019 16:46:28 GMT" time="7.531" errors="0">
  <testcase name="CreateIndividual_Test" time="7.531" classname="LoginPageTest"/>
</testsuite> <!-- LoginPageTest -->
